<?xml version="1.0" encoding="UTF-8"?>
<coverage generated="1716715851915" clover="3.2.0">
  <project timestamp="1716715851915" name="All files">
    <metrics statements="38" coveredstatements="38" conditionals="46" coveredconditionals="46" methods="25" coveredmethods="25" elements="109" coveredelements="109" complexity="0" loc="38" ncloc="38" packages="3" files="4" classes="4"/>
    <package name="Auth">
      <metrics statements="14" coveredstatements="14" conditionals="16" coveredconditionals="16" methods="11" coveredmethods="11"/>
      <file name="login.js" path="D:\WorkSpace\TestJS\Auth\login.js">
        <metrics statements="6" coveredstatements="6" conditionals="7" coveredconditionals="7" methods="5" coveredmethods="5"/>
        <line num="3" count="7" type="stmt"/>
        <line num="4" count="7" type="stmt"/>
        <line num="8" count="7" type="cond" truecount="4" falsecount="0"/>
        <line num="12" count="4" type="stmt"/>
        <line num="16" count="2" type="stmt"/>
        <line num="20" count="7" type="cond" truecount="3" falsecount="0"/>
      </file>
      <file name="signup.js" path="D:\WorkSpace\TestJS\Auth\signup.js">
        <metrics statements="8" coveredstatements="8" conditionals="9" coveredconditionals="9" methods="6" coveredmethods="6"/>
        <line num="3" count="9" type="stmt"/>
        <line num="4" count="9" type="stmt"/>
        <line num="5" count="9" type="stmt"/>
        <line num="9" count="9" type="cond" truecount="5" falsecount="0"/>
        <line num="13" count="5" type="stmt"/>
        <line num="17" count="3" type="stmt"/>
        <line num="21" count="2" type="stmt"/>
        <line num="25" count="9" type="stmt"/>
      </file>
    </package>
    <package name="DkiBH">
      <metrics statements="9" coveredstatements="9" conditionals="12" coveredconditionals="12" methods="6" coveredmethods="6"/>
      <file name="baohiem.js" path="D:\WorkSpace\TestJS\DkiBH\baohiem.js">
        <metrics statements="9" coveredstatements="9" conditionals="12" coveredconditionals="12" methods="6" coveredmethods="6"/>
        <line num="3" count="6" type="stmt"/>
        <line num="4" count="6" type="stmt"/>
        <line num="8" count="4" type="cond" truecount="4" falsecount="0"/>
        <line num="12" count="1" type="stmt"/>
        <line num="13" count="1" type="stmt"/>
        <line num="17" count="1" type="stmt"/>
        <line num="25" count="4" type="cond" truecount="3" falsecount="0"/>
        <line num="29" count="2" type="cond" truecount="2" falsecount="0"/>
        <line num="30" count="2" type="stmt"/>
      </file>
    </package>
    <package name="KhaiBaoTT">
      <metrics statements="15" coveredstatements="15" conditionals="18" coveredconditionals="18" methods="8" coveredmethods="8"/>
      <file name="khaibao.js" path="D:\WorkSpace\TestJS\KhaiBaoTT\khaibao.js">
        <metrics statements="15" coveredstatements="15" conditionals="18" coveredconditionals="18" methods="8" coveredmethods="8"/>
        <line num="3" count="8" type="stmt"/>
        <line num="4" count="8" type="stmt"/>
        <line num="5" count="8" type="stmt"/>
        <line num="6" count="8" type="stmt"/>
        <line num="7" count="8" type="stmt"/>
        <line num="11" count="8" type="cond" truecount="7" falsecount="0"/>
        <line num="17" count="7" type="stmt"/>
        <line num="18" count="7" type="stmt"/>
        <line num="22" count="5" type="cond" truecount="3" falsecount="0"/>
        <line num="26" count="4" type="cond" truecount="2" falsecount="0"/>
        <line num="30" count="3" type="stmt"/>
        <line num="31" count="3" type="stmt"/>
        <line num="35" count="2" type="stmt"/>
        <line num="36" count="2" type="stmt"/>
        <line num="39" count="8" type="stmt"/>
      </file>
    </package>
  </project>
</coverage>
