<?xml version="1.0" encoding="UTF-8"?>
<coverage generated="1717041452033" clover="3.2.0">
  <project timestamp="1717041452033" name="All files">
    <metrics statements="44" coveredstatements="44" conditionals="62" coveredconditionals="62" methods="25" coveredmethods="25" elements="131" coveredelements="131" complexity="0" loc="44" ncloc="44" packages="3" files="4" classes="4"/>
    <package name="Auth">
      <metrics statements="14" coveredstatements="14" conditionals="26" coveredconditionals="26" methods="11" coveredmethods="11"/>
      <file name="login.js" path="D:\WorkSpace\TestJS\Auth\login.js">
        <metrics statements="6" coveredstatements="6" conditionals="12" coveredconditionals="12" methods="5" coveredmethods="5"/>
        <line num="3" count="18" type="stmt"/>
        <line num="4" count="18" type="stmt"/>
        <line num="8" count="18" type="cond" truecount="4" falsecount="0"/>
        <line num="12" count="15" type="cond" truecount="2" falsecount="0"/>
        <line num="16" count="11" type="stmt"/>
        <line num="24" count="18" type="cond" truecount="3" falsecount="0"/>
      </file>
      <file name="signup.js" path="D:\WorkSpace\TestJS\Auth\signup.js">
        <metrics statements="8" coveredstatements="8" conditionals="14" coveredconditionals="14" methods="6" coveredmethods="6"/>
        <line num="3" count="18" type="stmt"/>
        <line num="4" count="18" type="stmt"/>
        <line num="5" count="18" type="stmt"/>
        <line num="9" count="18" type="cond" truecount="5" falsecount="0"/>
        <line num="13" count="14" type="cond" truecount="2" falsecount="0"/>
        <line num="17" count="11" type="stmt"/>
        <line num="25" count="8" type="stmt"/>
        <line num="29" count="18" type="stmt"/>
      </file>
    </package>
    <package name="DkiBH">
      <metrics statements="15" coveredstatements="15" conditionals="18" coveredconditionals="18" methods="6" coveredmethods="6"/>
      <file name="baohiem.js" path="D:\WorkSpace\TestJS\DkiBH\baohiem.js">
        <metrics statements="15" coveredstatements="15" conditionals="18" coveredconditionals="18" methods="6" coveredmethods="6"/>
        <line num="3" count="29" type="stmt"/>
        <line num="4" count="29" type="stmt"/>
        <line num="8" count="29" type="cond" truecount="4" falsecount="0"/>
        <line num="12" count="20" type="stmt"/>
        <line num="13" count="20" type="stmt"/>
        <line num="17" count="17" type="stmt"/>
        <line num="25" count="15" type="cond" truecount="3" falsecount="0"/>
        <line num="29" count="14" type="cond" truecount="2" falsecount="0"/>
        <line num="30" count="3" type="stmt"/>
        <line num="32" count="11" type="cond" truecount="2" falsecount="0"/>
        <line num="33" count="1" type="stmt"/>
        <line num="35" count="10" type="cond" truecount="2" falsecount="0"/>
        <line num="36" count="2" type="stmt"/>
        <line num="38" count="8" type="cond" truecount="2" falsecount="0"/>
        <line num="39" count="8" type="stmt"/>
      </file>
    </package>
    <package name="KhaiBaoTT">
      <metrics statements="15" coveredstatements="15" conditionals="18" coveredconditionals="18" methods="8" coveredmethods="8"/>
      <file name="khaibao.js" path="D:\WorkSpace\TestJS\KhaiBaoTT\khaibao.js">
        <metrics statements="15" coveredstatements="15" conditionals="18" coveredconditionals="18" methods="8" coveredmethods="8"/>
        <line num="3" count="32" type="stmt"/>
        <line num="4" count="32" type="stmt"/>
        <line num="5" count="32" type="stmt"/>
        <line num="6" count="32" type="stmt"/>
        <line num="7" count="32" type="stmt"/>
        <line num="11" count="32" type="cond" truecount="7" falsecount="0"/>
        <line num="17" count="20" type="stmt"/>
        <line num="18" count="20" type="stmt"/>
        <line num="22" count="15" type="cond" truecount="3" falsecount="0"/>
        <line num="26" count="11" type="cond" truecount="2" falsecount="0"/>
        <line num="30" count="8" type="stmt"/>
        <line num="31" count="8" type="stmt"/>
        <line num="35" count="5" type="stmt"/>
        <line num="36" count="5" type="stmt"/>
        <line num="39" count="32" type="stmt"/>
      </file>
    </package>
  </project>
</coverage>
