{"D:\\WorkSpace\\TestJS\\Auth\\login.js": {"path":"D:\\WorkSpace\\TestJS\\Auth\\login.js","statementMap":{"0":{"start":{"line":3,"column":4},"end":{"line":3,"column":23}},"1":{"start":{"line":4,"column":4},"end":{"line":4,"column":29}},"2":{"start":{"line":8,"column":4},"end":{"line":8,"column":54}},"3":{"start":{"line":12,"column":4},"end":{"line":12,"column":74}},"4":{"start":{"line":16,"column":4},"end":{"line":20,"column":6}},"5":{"start":{"line":24,"column":4},"end":{"line":24,"column":78}}},"fnMap":{"0":{"name":"(anonymous_0)","decl":{"start":{"line":2,"column":2},"end":{"line":2,"column":3}},"loc":{"start":{"line":2,"column":31},"end":{"line":5,"column":3}},"line":2},"1":{"name":"(anonymous_1)","decl":{"start":{"line":7,"column":2},"end":{"line":7,"column":3}},"loc":{"start":{"line":7,"column":15},"end":{"line":9,"column":3}},"line":7},"2":{"name":"(anonymous_2)","decl":{"start":{"line":11,"column":2},"end":{"line":11,"column":3}},"loc":{"start":{"line":11,"column":17},"end":{"line":13,"column":3}},"line":11},"3":{"name":"(anonymous_3)","decl":{"start":{"line":15,"column":2},"end":{"line":15,"column":3}},"loc":{"start":{"line":15,"column":20},"end":{"line":21,"column":3}},"line":15},"4":{"name":"(anonymous_4)","decl":{"start":{"line":23,"column":2},"end":{"line":23,"column":3}},"loc":{"start":{"line":23,"column":28},"end":{"line":25,"column":3}},"line":23}},"branchMap":{"0":{"loc":{"start":{"line":8,"column":11},"end":{"line":8,"column":53}},"type":"cond-expr","locations":[{"start":{"line":8,"column":41},"end":{"line":8,"column":45}},{"start":{"line":8,"column":48},"end":{"line":8,"column":53}}],"line":8},"1":{"loc":{"start":{"line":8,"column":11},"end":{"line":8,"column":38}},"type":"binary-expr","locations":[{"start":{"line":8,"column":11},"end":{"line":8,"column":21}},{"start":{"line":8,"column":25},"end":{"line":8,"column":38}}],"line":8},"2":{"loc":{"start":{"line":12,"column":11},"end":{"line":12,"column":73}},"type":"binary-expr","locations":[{"start":{"line":12,"column":11},"end":{"line":12,"column":44}},{"start":{"line":12,"column":48},"end":{"line":12,"column":73}}],"line":12},"3":{"loc":{"start":{"line":17,"column":6},"end":{"line":19,"column":34}},"type":"binary-expr","locations":[{"start":{"line":17,"column":6},"end":{"line":17,"column":31}},{"start":{"line":18,"column":6},"end":{"line":18,"column":32}},{"start":{"line":19,"column":6},"end":{"line":19,"column":34}}],"line":17},"4":{"loc":{"start":{"line":24,"column":11},"end":{"line":24,"column":77}},"type":"binary-expr","locations":[{"start":{"line":24,"column":11},"end":{"line":24,"column":28}},{"start":{"line":24,"column":32},"end":{"line":24,"column":51}},{"start":{"line":24,"column":55},"end":{"line":24,"column":77}}],"line":24}},"s":{"0":18,"1":18,"2":18,"3":15,"4":11,"5":18},"f":{"0":18,"1":18,"2":15,"3":11,"4":18},"b":{"0":[15,3],"1":[18,16],"2":[15,13],"3":[11,10,9],"4":[18,15,11]},"_coverageSchema":"1a1c01bbd47fc00a2c39e90264f33305004495a9","hash":"9327c371685014ba51682f55e164608b666eb396"}
,"D:\\WorkSpace\\TestJS\\Auth\\signup.js": {"path":"D:\\WorkSpace\\TestJS\\Auth\\signup.js","statementMap":{"0":{"start":{"line":3,"column":4},"end":{"line":3,"column":23}},"1":{"start":{"line":4,"column":4},"end":{"line":4,"column":29}},"2":{"start":{"line":5,"column":4},"end":{"line":5,"column":43}},"3":{"start":{"line":9,"column":4},"end":{"line":9,"column":78}},"4":{"start":{"line":13,"column":4},"end":{"line":13,"column":74}},"5":{"start":{"line":17,"column":4},"end":{"line":21,"column":6}},"6":{"start":{"line":25,"column":4},"end":{"line":25,"column":50}},"7":{"start":{"line":29,"column":4},"end":{"line":34,"column":6}}},"fnMap":{"0":{"name":"(anonymous_0)","decl":{"start":{"line":2,"column":2},"end":{"line":2,"column":3}},"loc":{"start":{"line":2,"column":48},"end":{"line":6,"column":3}},"line":2},"1":{"name":"(anonymous_1)","decl":{"start":{"line":8,"column":2},"end":{"line":8,"column":3}},"loc":{"start":{"line":8,"column":15},"end":{"line":10,"column":3}},"line":8},"2":{"name":"(anonymous_2)","decl":{"start":{"line":12,"column":2},"end":{"line":12,"column":3}},"loc":{"start":{"line":12,"column":17},"end":{"line":14,"column":3}},"line":12},"3":{"name":"(anonymous_3)","decl":{"start":{"line":16,"column":2},"end":{"line":16,"column":3}},"loc":{"start":{"line":16,"column":20},"end":{"line":22,"column":3}},"line":16},"4":{"name":"(anonymous_4)","decl":{"start":{"line":24,"column":2},"end":{"line":24,"column":3}},"loc":{"start":{"line":24,"column":19},"end":{"line":26,"column":3}},"line":24},"5":{"name":"(anonymous_5)","decl":{"start":{"line":28,"column":2},"end":{"line":28,"column":3}},"loc":{"start":{"line":28,"column":28},"end":{"line":35,"column":3}},"line":28}},"branchMap":{"0":{"loc":{"start":{"line":9,"column":11},"end":{"line":9,"column":77}},"type":"cond-expr","locations":[{"start":{"line":9,"column":65},"end":{"line":9,"column":69}},{"start":{"line":9,"column":72},"end":{"line":9,"column":77}}],"line":9},"1":{"loc":{"start":{"line":9,"column":11},"end":{"line":9,"column":62}},"type":"binary-expr","locations":[{"start":{"line":9,"column":11},"end":{"line":9,"column":21}},{"start":{"line":9,"column":25},"end":{"line":9,"column":38}},{"start":{"line":9,"column":42},"end":{"line":9,"column":62}}],"line":9},"2":{"loc":{"start":{"line":13,"column":11},"end":{"line":13,"column":73}},"type":"binary-expr","locations":[{"start":{"line":13,"column":11},"end":{"line":13,"column":44}},{"start":{"line":13,"column":48},"end":{"line":13,"column":73}}],"line":13},"3":{"loc":{"start":{"line":18,"column":6},"end":{"line":20,"column":34}},"type":"binary-expr","locations":[{"start":{"line":18,"column":6},"end":{"line":18,"column":31}},{"start":{"line":19,"column":6},"end":{"line":19,"column":32}},{"start":{"line":20,"column":6},"end":{"line":20,"column":34}}],"line":18},"4":{"loc":{"start":{"line":30,"column":6},"end":{"line":33,"column":27}},"type":"binary-expr","locations":[{"start":{"line":30,"column":6},"end":{"line":30,"column":23}},{"start":{"line":31,"column":6},"end":{"line":31,"column":25}},{"start":{"line":32,"column":6},"end":{"line":32,"column":28}},{"start":{"line":33,"column":6},"end":{"line":33,"column":27}}],"line":30}},"s":{"0":18,"1":18,"2":18,"3":18,"4":14,"5":11,"6":8,"7":18},"f":{"0":18,"1":18,"2":14,"3":11,"4":8,"5":18},"b":{"0":[14,4],"1":[18,16,15],"2":[14,12],"3":[11,10,9],"4":[18,14,11,8]},"_coverageSchema":"1a1c01bbd47fc00a2c39e90264f33305004495a9","hash":"e786514dfc0ce982af78159ef35719c52a208767"}
,"D:\\WorkSpace\\TestJS\\DkiBH\\baohiem.js": {"path":"D:\\WorkSpace\\TestJS\\DkiBH\\baohiem.js","statementMap":{"0":{"start":{"line":3,"column":4},"end":{"line":3,"column":21}},"1":{"start":{"line":4,"column":4},"end":{"line":4,"column":29}},"2":{"start":{"line":8,"column":4},"end":{"line":8,"column":53}},"3":{"start":{"line":12,"column":23},"end":{"line":12,"column":40}},"4":{"start":{"line":13,"column":4},"end":{"line":13,"column":56}},"5":{"start":{"line":17,"column":4},"end":{"line":21,"column":6}},"6":{"start":{"line":25,"column":4},"end":{"line":25,"column":77}},"7":{"start":{"line":29,"column":4},"end":{"line":31,"column":5}},"8":{"start":{"line":30,"column":6},"end":{"line":30,"column":57}},"9":{"start":{"line":32,"column":4},"end":{"line":34,"column":5}},"10":{"start":{"line":33,"column":6},"end":{"line":33,"column":52}},"11":{"start":{"line":35,"column":4},"end":{"line":37,"column":5}},"12":{"start":{"line":36,"column":6},"end":{"line":36,"column":56}},"13":{"start":{"line":38,"column":24},"end":{"line":38,"column":75}},"14":{"start":{"line":39,"column":4},"end":{"line":39,"column":39}}},"fnMap":{"0":{"name":"(anonymous_0)","decl":{"start":{"line":2,"column":2},"end":{"line":2,"column":3}},"loc":{"start":{"line":2,"column":30},"end":{"line":5,"column":3}},"line":2},"1":{"name":"(anonymous_1)","decl":{"start":{"line":7,"column":2},"end":{"line":7,"column":3}},"loc":{"start":{"line":7,"column":15},"end":{"line":9,"column":3}},"line":7},"2":{"name":"(anonymous_2)","decl":{"start":{"line":11,"column":2},"end":{"line":11,"column":3}},"loc":{"start":{"line":11,"column":16},"end":{"line":14,"column":3}},"line":11},"3":{"name":"(anonymous_3)","decl":{"start":{"line":16,"column":2},"end":{"line":16,"column":3}},"loc":{"start":{"line":16,"column":20},"end":{"line":22,"column":3}},"line":16},"4":{"name":"(anonymous_4)","decl":{"start":{"line":24,"column":2},"end":{"line":24,"column":3}},"loc":{"start":{"line":24,"column":27},"end":{"line":26,"column":3}},"line":24},"5":{"name":"(anonymous_5)","decl":{"start":{"line":28,"column":2},"end":{"line":28,"column":3}},"loc":{"start":{"line":28,"column":27},"end":{"line":40,"column":3}},"line":28}},"branchMap":{"0":{"loc":{"start":{"line":8,"column":11},"end":{"line":8,"column":52}},"type":"cond-expr","locations":[{"start":{"line":8,"column":40},"end":{"line":8,"column":44}},{"start":{"line":8,"column":47},"end":{"line":8,"column":52}}],"line":8},"1":{"loc":{"start":{"line":8,"column":11},"end":{"line":8,"column":37}},"type":"binary-expr","locations":[{"start":{"line":8,"column":11},"end":{"line":8,"column":20}},{"start":{"line":8,"column":24},"end":{"line":8,"column":37}}],"line":8},"2":{"loc":{"start":{"line":18,"column":6},"end":{"line":20,"column":24}},"type":"binary-expr","locations":[{"start":{"line":18,"column":6},"end":{"line":18,"column":37}},{"start":{"line":19,"column":6},"end":{"line":19,"column":24}},{"start":{"line":20,"column":6},"end":{"line":20,"column":24}}],"line":18},"3":{"loc":{"start":{"line":25,"column":11},"end":{"line":25,"column":76}},"type":"binary-expr","locations":[{"start":{"line":25,"column":11},"end":{"line":25,"column":28}},{"start":{"line":25,"column":32},"end":{"line":25,"column":50}},{"start":{"line":25,"column":54},"end":{"line":25,"column":76}}],"line":25},"4":{"loc":{"start":{"line":29,"column":4},"end":{"line":31,"column":5}},"type":"if","locations":[{"start":{"line":29,"column":4},"end":{"line":31,"column":5}},{"start":{},"end":{}}],"line":29},"5":{"loc":{"start":{"line":32,"column":4},"end":{"line":34,"column":5}},"type":"if","locations":[{"start":{"line":32,"column":4},"end":{"line":34,"column":5}},{"start":{},"end":{}}],"line":32},"6":{"loc":{"start":{"line":35,"column":4},"end":{"line":37,"column":5}},"type":"if","locations":[{"start":{"line":35,"column":4},"end":{"line":37,"column":5}},{"start":{},"end":{}}],"line":35},"7":{"loc":{"start":{"line":38,"column":24},"end":{"line":38,"column":75}},"type":"cond-expr","locations":[{"start":{"line":38,"column":60},"end":{"line":38,"column":66}},{"start":{"line":38,"column":69},"end":{"line":38,"column":75}}],"line":38}},"s":{"0":29,"1":29,"2":29,"3":20,"4":20,"5":17,"6":15,"7":14,"8":3,"9":11,"10":1,"11":10,"12":2,"13":8,"14":8},"f":{"0":29,"1":29,"2":20,"3":17,"4":15,"5":14},"b":{"0":[20,9],"1":[29,25],"2":[17,14,14],"3":[15,9,7],"4":[3,11],"5":[1,10],"6":[2,8],"7":[4,4]},"_coverageSchema":"1a1c01bbd47fc00a2c39e90264f33305004495a9","hash":"d92667631502431a34b66ac73fb9bdecca4694b1"}
,"D:\\WorkSpace\\TestJS\\KhaiBaoTT\\khaibao.js": {"path":"D:\\WorkSpace\\TestJS\\KhaiBaoTT\\khaibao.js","statementMap":{"0":{"start":{"line":3,"column":4},"end":{"line":3,"column":21}},"1":{"start":{"line":4,"column":4},"end":{"line":4,"column":19}},"2":{"start":{"line":5,"column":4},"end":{"line":5,"column":19}},"3":{"start":{"line":6,"column":4},"end":{"line":6,"column":23}},"4":{"start":{"line":7,"column":4},"end":{"line":7,"column":19}},"5":{"start":{"line":11,"column":4},"end":{"line":13,"column":14}},"6":{"start":{"line":17,"column":22},"end":{"line":17,"column":37}},"7":{"start":{"line":18,"column":4},"end":{"line":18,"column":32}},"8":{"start":{"line":22,"column":4},"end":{"line":22,"column":57}},"9":{"start":{"line":26,"column":4},"end":{"line":26,"column":41}},"10":{"start":{"line":30,"column":23},"end":{"line":30,"column":33}},"11":{"start":{"line":31,"column":4},"end":{"line":31,"column":34}},"12":{"start":{"line":35,"column":25},"end":{"line":35,"column":43}},"13":{"start":{"line":36,"column":4},"end":{"line":36,"column":34}},"14":{"start":{"line":39,"column":4},"end":{"line":46,"column":6}}},"fnMap":{"0":{"name":"(anonymous_0)","decl":{"start":{"line":2,"column":2},"end":{"line":2,"column":3}},"loc":{"start":{"line":2,"column":42},"end":{"line":8,"column":3}},"line":2},"1":{"name":"(anonymous_1)","decl":{"start":{"line":10,"column":2},"end":{"line":10,"column":3}},"loc":{"start":{"line":10,"column":15},"end":{"line":14,"column":3}},"line":10},"2":{"name":"(anonymous_2)","decl":{"start":{"line":16,"column":2},"end":{"line":16,"column":3}},"loc":{"start":{"line":16,"column":20},"end":{"line":19,"column":3}},"line":16},"3":{"name":"(anonymous_3)","decl":{"start":{"line":21,"column":2},"end":{"line":21,"column":3}},"loc":{"start":{"line":21,"column":18},"end":{"line":23,"column":3}},"line":21},"4":{"name":"(anonymous_4)","decl":{"start":{"line":25,"column":2},"end":{"line":25,"column":3}},"loc":{"start":{"line":25,"column":18},"end":{"line":27,"column":3}},"line":25},"5":{"name":"(anonymous_5)","decl":{"start":{"line":29,"column":2},"end":{"line":29,"column":3}},"loc":{"start":{"line":29,"column":22},"end":{"line":32,"column":3}},"line":29},"6":{"name":"(anonymous_6)","decl":{"start":{"line":34,"column":2},"end":{"line":34,"column":3}},"loc":{"start":{"line":34,"column":22},"end":{"line":37,"column":3}},"line":34},"7":{"name":"(anonymous_7)","decl":{"start":{"line":38,"column":2},"end":{"line":38,"column":3}},"loc":{"start":{"line":38,"column":16},"end":{"line":47,"column":3}},"line":38}},"branchMap":{"0":{"loc":{"start":{"line":11,"column":11},"end":{"line":13,"column":13}},"type":"cond-expr","locations":[{"start":{"line":12,"column":8},"end":{"line":12,"column":12}},{"start":{"line":13,"column":8},"end":{"line":13,"column":13}}],"line":11},"1":{"loc":{"start":{"line":11,"column":11},"end":{"line":11,"column":70}},"type":"binary-expr","locations":[{"start":{"line":11,"column":11},"end":{"line":11,"column":20}},{"start":{"line":11,"column":24},"end":{"line":11,"column":32}},{"start":{"line":11,"column":36},"end":{"line":11,"column":44}},{"start":{"line":11,"column":48},"end":{"line":11,"column":58}},{"start":{"line":11,"column":62},"end":{"line":11,"column":70}}],"line":11},"2":{"loc":{"start":{"line":22,"column":11},"end":{"line":22,"column":56}},"type":"binary-expr","locations":[{"start":{"line":22,"column":11},"end":{"line":22,"column":32}},{"start":{"line":22,"column":36},"end":{"line":22,"column":43}},{"start":{"line":22,"column":47},"end":{"line":22,"column":56}}],"line":22},"3":{"loc":{"start":{"line":26,"column":11},"end":{"line":26,"column":40}},"type":"binary-expr","locations":[{"start":{"line":26,"column":11},"end":{"line":26,"column":24}},{"start":{"line":26,"column":28},"end":{"line":26,"column":40}}],"line":26},"4":{"loc":{"start":{"line":40,"column":6},"end":{"line":45,"column":35}},"type":"binary-expr","locations":[{"start":{"line":40,"column":6},"end":{"line":40,"column":23}},{"start":{"line":41,"column":6},"end":{"line":41,"column":33}},{"start":{"line":42,"column":6},"end":{"line":42,"column":31}},{"start":{"line":43,"column":6},"end":{"line":43,"column":31}},{"start":{"line":44,"column":6},"end":{"line":44,"column":35}},{"start":{"line":45,"column":6},"end":{"line":45,"column":35}}],"line":40}},"s":{"0":32,"1":32,"2":32,"3":32,"4":32,"5":32,"6":20,"7":20,"8":15,"9":11,"10":8,"11":8,"12":5,"13":5,"14":32},"f":{"0":32,"1":32,"2":20,"3":15,"4":11,"5":8,"6":5,"7":32},"b":{"0":[20,12],"1":[32,30,28,25,23],"2":[15,14,13],"3":[11,3],"4":[32,20,15,11,8,5]},"_coverageSchema":"1a1c01bbd47fc00a2c39e90264f33305004495a9","hash":"9fc3f00e9db1fbfe2d0f83322d4416a2e57099d4"}
}
