TN:
SF:Auth\login.js
FN:2,(anonymous_0)
FN:7,(anonymous_1)
FN:11,(anonymous_2)
FN:15,(anonymous_3)
FN:19,(anonymous_4)
FNF:5
FNH:5
FNDA:7,(anonymous_0)
FNDA:7,(anonymous_1)
FNDA:4,(anonymous_2)
FNDA:2,(anonymous_3)
FNDA:7,(anonymous_4)
DA:3,7
DA:4,7
DA:8,7
DA:12,4
DA:16,2
DA:20,7
LF:6
LH:6
BRDA:8,0,0,4
BRDA:8,0,1,3
BRDA:8,1,0,7
BRDA:8,1,1,5
BRDA:20,2,0,7
BRDA:20,2,1,4
BRDA:20,2,2,2
BRF:7
BRH:7
end_of_record
TN:
SF:Auth\signup.js
FN:2,(anonymous_0)
FN:8,(anonymous_1)
FN:12,(anonymous_2)
FN:16,(anonymous_3)
FN:20,(anonymous_4)
FN:24,(anonymous_5)
FNF:6
FNH:6
FNDA:9,(anonymous_0)
FNDA:9,(anonymous_1)
FNDA:5,(anonymous_2)
FNDA:3,(anonymous_3)
FNDA:2,(anonymous_4)
FNDA:9,(anonymous_5)
DA:3,9
DA:4,9
DA:5,9
DA:9,9
DA:13,5
DA:17,3
DA:21,2
DA:25,9
LF:8
LH:8
BRDA:9,0,0,5
BRDA:9,0,1,4
BRDA:9,1,0,9
BRDA:9,1,1,7
BRDA:9,1,2,6
BRDA:26,2,0,9
BRDA:26,2,1,5
BRDA:26,2,2,3
BRDA:26,2,3,2
BRF:9
BRH:9
end_of_record
TN:
SF:DkiBH\baohiem.js
FN:2,(anonymous_0)
FN:7,(anonymous_1)
FN:11,(anonymous_2)
FN:16,(anonymous_3)
FN:24,(anonymous_4)
FN:28,(anonymous_5)
FNF:6
FNH:6
FNDA:6,(anonymous_0)
FNDA:4,(anonymous_1)
FNDA:1,(anonymous_2)
FNDA:1,(anonymous_3)
FNDA:4,(anonymous_4)
FNDA:2,(anonymous_5)
DA:3,6
DA:4,6
DA:8,4
DA:12,1
DA:13,1
DA:17,1
DA:25,4
DA:29,2
DA:30,2
LF:9
LH:9
BRDA:8,0,0,1
BRDA:8,0,1,3
BRDA:8,1,0,4
BRDA:8,1,1,2
BRDA:18,2,0,1
BRDA:18,2,1,1
BRDA:18,2,2,1
BRDA:25,3,0,4
BRDA:25,3,1,1
BRDA:25,3,2,1
BRDA:29,4,0,1
BRDA:29,4,1,1
BRF:12
BRH:12
end_of_record
TN:
SF:KhaiBaoTT\khaibao.js
FN:2,(anonymous_0)
FN:10,(anonymous_1)
FN:16,(anonymous_2)
FN:21,(anonymous_3)
FN:25,(anonymous_4)
FN:29,(anonymous_5)
FN:34,(anonymous_6)
FN:38,(anonymous_7)
FNF:8
FNH:8
FNDA:8,(anonymous_0)
FNDA:8,(anonymous_1)
FNDA:7,(anonymous_2)
FNDA:5,(anonymous_3)
FNDA:4,(anonymous_4)
FNDA:3,(anonymous_5)
FNDA:2,(anonymous_6)
FNDA:8,(anonymous_7)
DA:3,8
DA:4,8
DA:5,8
DA:6,8
DA:7,8
DA:11,8
DA:17,7
DA:18,7
DA:22,5
DA:26,4
DA:30,3
DA:31,3
DA:35,2
DA:36,2
DA:39,8
LF:15
LH:15
BRDA:11,0,0,7
BRDA:11,0,1,1
BRDA:11,1,0,8
BRDA:11,1,1,8
BRDA:11,1,2,8
BRDA:11,1,3,7
BRDA:11,1,4,7
BRDA:22,2,0,5
BRDA:22,2,1,5
BRDA:22,2,2,5
BRDA:26,3,0,4
BRDA:26,3,1,1
BRDA:40,4,0,8
BRDA:40,4,1,7
BRDA:40,4,2,5
BRDA:40,4,3,4
BRDA:40,4,4,3
BRDA:40,4,5,2
BRF:18
BRH:18
end_of_record
