TN:
SF:Auth\login.js
FN:2,(anonymous_0)
FN:7,(anonymous_1)
FN:11,(anonymous_2)
FN:15,(anonymous_3)
FN:19,(anonymous_4)
FNF:5
FNH:5
FNDA:18,(anonymous_0)
FNDA:18,(anonymous_1)
FNDA:15,(anonymous_2)
FNDA:11,(anonymous_3)
FNDA:18,(anonymous_4)
DA:3,18
DA:4,18
DA:8,18
DA:12,15
DA:16,11
DA:20,18
LF:6
LH:6
BRDA:8,0,0,15
BRDA:8,0,1,3
BRDA:8,1,0,18
BRDA:8,1,1,16
BRDA:20,2,0,18
BRDA:20,2,1,15
BRDA:20,2,2,11
BRF:7
BRH:7
end_of_record
TN:
SF:Auth\signup.js
FN:2,(anonymous_0)
FN:8,(anonymous_1)
FN:12,(anonymous_2)
FN:16,(anonymous_3)
FN:20,(anonymous_4)
FN:24,(anonymous_5)
FNF:6
FNH:6
FNDA:19,(anonymous_0)
FNDA:19,(anonymous_1)
FNDA:15,(anonymous_2)
FNDA:11,(anonymous_3)
FNDA:10,(anonymous_4)
FNDA:19,(anonymous_5)
DA:3,19
DA:4,19
DA:5,19
DA:9,19
DA:13,15
DA:17,11
DA:21,10
DA:25,19
LF:8
LH:8
BRDA:9,0,0,15
BRDA:9,0,1,4
BRDA:9,1,0,19
BRDA:9,1,1,17
BRDA:9,1,2,16
BRDA:26,2,0,19
BRDA:26,2,1,15
BRDA:26,2,2,11
BRDA:26,2,3,10
BRF:9
BRH:9
end_of_record
TN:
SF:DkiBH\baohiem.js
FN:2,(anonymous_0)
FN:7,(anonymous_1)
FN:11,(anonymous_2)
FN:16,(anonymous_3)
FN:24,(anonymous_4)
FN:28,(anonymous_5)
FNF:6
FNH:6
FNDA:29,(anonymous_0)
FNDA:29,(anonymous_1)
FNDA:20,(anonymous_2)
FNDA:17,(anonymous_3)
FNDA:15,(anonymous_4)
FNDA:14,(anonymous_5)
DA:3,29
DA:4,29
DA:8,29
DA:12,20
DA:13,20
DA:17,17
DA:25,15
DA:29,14
DA:30,3
DA:32,11
DA:33,1
DA:35,10
DA:36,2
DA:38,8
DA:39,8
LF:15
LH:15
BRDA:8,0,0,20
BRDA:8,0,1,9
BRDA:8,1,0,29
BRDA:8,1,1,25
BRDA:18,2,0,17
BRDA:18,2,1,14
BRDA:18,2,2,14
BRDA:25,3,0,15
BRDA:25,3,1,9
BRDA:25,3,2,7
BRDA:29,4,0,3
BRDA:29,4,1,11
BRDA:32,5,0,1
BRDA:32,5,1,10
BRDA:35,6,0,2
BRDA:35,6,1,8
BRDA:38,7,0,4
BRDA:38,7,1,4
BRF:18
BRH:18
end_of_record
TN:
SF:KhaiBaoTT\khaibao.js
FN:2,(anonymous_0)
FN:10,(anonymous_1)
FN:16,(anonymous_2)
FN:21,(anonymous_3)
FN:25,(anonymous_4)
FN:29,(anonymous_5)
FN:34,(anonymous_6)
FN:38,(anonymous_7)
FNF:8
FNH:8
FNDA:32,(anonymous_0)
FNDA:32,(anonymous_1)
FNDA:20,(anonymous_2)
FNDA:15,(anonymous_3)
FNDA:11,(anonymous_4)
FNDA:8,(anonymous_5)
FNDA:5,(anonymous_6)
FNDA:32,(anonymous_7)
DA:3,32
DA:4,32
DA:5,32
DA:6,32
DA:7,32
DA:11,32
DA:17,20
DA:18,20
DA:22,15
DA:26,11
DA:30,8
DA:31,8
DA:35,5
DA:36,5
DA:39,32
LF:15
LH:15
BRDA:11,0,0,20
BRDA:11,0,1,12
BRDA:11,1,0,32
BRDA:11,1,1,30
BRDA:11,1,2,28
BRDA:11,1,3,25
BRDA:11,1,4,23
BRDA:22,2,0,15
BRDA:22,2,1,14
BRDA:22,2,2,13
BRDA:26,3,0,11
BRDA:26,3,1,3
BRDA:40,4,0,32
BRDA:40,4,1,20
BRDA:40,4,2,15
BRDA:40,4,3,11
BRDA:40,4,4,8
BRDA:40,4,5,5
BRF:18
BRH:18
end_of_record
